2014/05/13 15:42:07 [error] [exception.CHttpException.404] exception 'CHttpException' with message 'Unable to resolve the request "favicon.ico".' in /home/c1248/yii/framework/web/CWebApplication.php:286
Stack trace:
#0 /home/c1248/yii/framework/web/CWebApplication.php(141): CWebApplication->runController('favicon.ico')
#1 /home/c1248/yii/framework/base/CApplication.php(169): CWebApplication->processRequest()
#2 /home/c1248/dev_ribela_mail/src/web/index.php(27): CApplication->run()
#3 {main}
REQUEST_URI=/favicon.ico
---
2014/05/13 15:42:07 [error] [exception.CHttpException.404] exception 'CHttpException' with message 'Unable to resolve the request "favicon.ico".' in /home/c1248/yii/framework/web/CWebApplication.php:286
Stack trace:
#0 /home/c1248/yii/framework/web/CWebApplication.php(141): CWebApplication->runController('favicon.ico')
#1 /home/c1248/yii/framework/base/CApplication.php(169): CWebApplication->processRequest()
#2 /home/c1248/dev_ribela_mail/src/web/index.php(27): CApplication->run()
#3 {main}
REQUEST_URI=/favicon.ico
---
2014/05/13 15:47:38 [error] [exception.CDbException] exception 'CDbException' with message 'CDbConnection failed to open the DB connection: SQLSTATE[08006] [7] could not connect to server: No route to host
	Is the server running on host "172.16.17.190" and accepting
	TCP/IP connections on port 5432?' in /home/c1248/yii/framework/db/CDbConnection.php:381
Stack trace:
#0 /home/c1248/yii/framework/db/CDbConnection.php(330): CDbConnection->open()
#1 /home/c1248/yii/framework/db/CDbConnection.php(308): CDbConnection->setActive(true)
#2 /home/c1248/yii/framework/base/CModule.php(387): CDbConnection->init()
#3 /home/c1248/yii/framework/base/CApplication.php(438): CModule->getComponent('db')
#4 /home/c1248/yii/framework/db/ar/CActiveRecord.php(623): CApplication->getDb()
#5 /home/c1248/yii/framework/db/ar/CActiveRecord.php(2309): CActiveRecord->getDbConnection()
#6 /home/c1248/yii/framework/db/ar/CActiveRecord.php(387): CActiveRecordMetaData->__construct(Object(Mail))
#7 /home/c1248/dev_ribela_mail/src/web/protected/models/Mail.php(92): CActiveRecord::model('Mail')
#8 /home/c1248/dev_ribela_mail/src/web/protected/controllers/MailController.php(175): Mail::model()
#9 /home/c1248/yii/framework/web/actions/CInlineAction.php(49): MailController->actionSaveMail()
#10 /home/c1248/yii/framework/web/CController.php(308): CInlineAction->runWithParams(Array)
#11 /home/c1248/yii/framework/web/filters/CFilterChain.php(133): CController->runAction(Object(CInlineAction))
#12 /home/c1248/yii/framework/web/filters/CFilter.php(40): CFilterChain->run()
#13 /home/c1248/yii/framework/web/CController.php(1145): CFilter->filter(Object(CFilterChain))
#14 /home/c1248/yii/framework/web/filters/CInlineFilter.php(58): CController->filterAccessControl(Object(CFilterChain))
#15 /home/c1248/yii/framework/web/filters/CFilterChain.php(130): CInlineFilter->filter(Object(CFilterChain))
#16 /home/c1248/yii/framework/web/CController.php(291): CFilterChain->run()
#17 /home/c1248/yii/framework/web/CController.php(265): CController->runActionWithFilters(Object(CInlineAction), Array)
#18 /home/c1248/yii/framework/web/CWebApplication.php(282): CController->run('SaveMail')
#19 /home/c1248/yii/framework/web/CWebApplication.php(141): CWebApplication->runController('Mail/SaveMail')
#20 /home/c1248/yii/framework/base/CApplication.php(169): CWebApplication->processRequest()
#21 /home/c1248/dev_ribela_mail/src/web/index.php(27): CApplication->run()
#22 {main}
REQUEST_URI=/Mail/SaveMail?inputMail=mark182182%40gmail.com
HTTP_REFERER=http://ribela.sacet.com.ve/
---
2014/05/13 15:47:41 [error] [exception.CDbException] exception 'CDbException' with message 'CDbConnection failed to open the DB connection: SQLSTATE[08006] [7] could not connect to server: No route to host
	Is the server running on host "172.16.17.190" and accepting
	TCP/IP connections on port 5432?' in /home/c1248/yii/framework/db/CDbConnection.php:381
Stack trace:
#0 /home/c1248/yii/framework/db/CDbConnection.php(330): CDbConnection->open()
#1 /home/c1248/yii/framework/db/CDbConnection.php(308): CDbConnection->setActive(true)
#2 /home/c1248/yii/framework/base/CModule.php(387): CDbConnection->init()
#3 /home/c1248/yii/framework/base/CApplication.php(438): CModule->getComponent('db')
#4 /home/c1248/yii/framework/db/ar/CActiveRecord.php(623): CApplication->getDb()
#5 /home/c1248/yii/framework/db/ar/CActiveRecord.php(2309): CActiveRecord->getDbConnection()
#6 /home/c1248/yii/framework/db/ar/CActiveRecord.php(387): CActiveRecordMetaData->__construct(Object(Mail))
#7 /home/c1248/dev_ribela_mail/src/web/protected/models/Mail.php(92): CActiveRecord::model('Mail')
#8 /home/c1248/dev_ribela_mail/src/web/protected/controllers/MailController.php(175): Mail::model()
#9 /home/c1248/yii/framework/web/actions/CInlineAction.php(49): MailController->actionSaveMail()
#10 /home/c1248/yii/framework/web/CController.php(308): CInlineAction->runWithParams(Array)
#11 /home/c1248/yii/framework/web/filters/CFilterChain.php(133): CController->runAction(Object(CInlineAction))
#12 /home/c1248/yii/framework/web/filters/CFilter.php(40): CFilterChain->run()
#13 /home/c1248/yii/framework/web/CController.php(1145): CFilter->filter(Object(CFilterChain))
#14 /home/c1248/yii/framework/web/filters/CInlineFilter.php(58): CController->filterAccessControl(Object(CFilterChain))
#15 /home/c1248/yii/framework/web/filters/CFilterChain.php(130): CInlineFilter->filter(Object(CFilterChain))
#16 /home/c1248/yii/framework/web/CController.php(291): CFilterChain->run()
#17 /home/c1248/yii/framework/web/CController.php(265): CController->runActionWithFilters(Object(CInlineAction), Array)
#18 /home/c1248/yii/framework/web/CWebApplication.php(282): CController->run('SaveMail')
#19 /home/c1248/yii/framework/web/CWebApplication.php(141): CWebApplication->runController('Mail/SaveMail')
#20 /home/c1248/yii/framework/base/CApplication.php(169): CWebApplication->processRequest()
#21 /home/c1248/dev_ribela_mail/src/web/index.php(27): CApplication->run()
#22 {main}
REQUEST_URI=/Mail/SaveMail?inputMail=mark182182%40gmail.com
HTTP_REFERER=http://ribela.sacet.com.ve/
---
2014/05/13 16:31:33 [error] [exception.CHttpException.404] exception 'CHttpException' with message 'Unable to resolve the request "favicon.ico".' in C:\xampp\htdocs\yii\framework\web\CWebApplication.php:286
Stack trace:
#0 C:\xampp\htdocs\yii\framework\web\CWebApplication.php(141): CWebApplication->runController('favicon.ico')
#1 C:\xampp\htdocs\yii\framework\base\CApplication.php(180): CWebApplication->processRequest()
#2 C:\xampp\htdocs\Etelix_RibelaMail\src\web\index.php(27): CApplication->run()
#3 {main}
REQUEST_URI=/favicon.ico
---
2014/05/13 16:32:24 [error] [exception.CHttpException.404] exception 'CHttpException' with message 'Unable to resolve the request "favicon.ico".' in C:\xampp\htdocs\yii\framework\web\CWebApplication.php:286
Stack trace:
#0 C:\xampp\htdocs\yii\framework\web\CWebApplication.php(141): CWebApplication->runController('favicon.ico')
#1 C:\xampp\htdocs\yii\framework\base\CApplication.php(180): CWebApplication->processRequest()
#2 C:\xampp\htdocs\Etelix_RibelaMail\src\web\index.php(27): CApplication->run()
#3 {main}
REQUEST_URI=/favicon.ico
---
